2025-06-01 04:05:41.228 Старт программы
2025-06-01 04:06:45.524 Процесс с PID 11192 успешно завершён.
2025-06-01 04:06:50.128 Процесс с PID 1376 успешно завершён.
2025-06-01 04:07:05.051 Закрытие приложения
2025-06-01 04:08:11.200 Старт программы
2025-06-01 04:08:13.754 Закрытие приложения
2025-06-01 15:44:47.801 Старт программы
2025-06-01 16:32:35.811 Закрытие приложения
2025-06-01 16:33:34.620 Старт программы
2025-06-01 16:34:01.723 Закрытие приложения
2025-06-01 16:34:33.804 Старт программы
2025-06-01 16:35:01.725 Закрытие приложения
2025-06-01 16:35:31.454 Старт программы
2025-06-01 16:41:43.988 Не удалось открыть процесс. Ошибка: 
2025-06-01 16:48:02.632 Закрытие приложения
2025-06-01 16:48:37.071 Старт программы
2025-06-01 16:48:43.188 Закрытие приложения
2025-06-01 16:48:50.053 Старт программы
2025-06-01 16:49:27.077 Не удалось открыть процесс. Ошибка: 
2025-06-01 16:51:18.198 Закрытие приложения
01 16:50:50.404 Закрытие приложения
2025-06-01 16:51:27.385 Старт программы
2025-06-01 16:55:27.087 Закрытие приложения
2025-06-01 17:19:39.704 Старт программы
2025-06-01 17:21:22.821 Закрытие приложения
2025-06-01 18:48:03.687 Старт программы
2025-06-01 18:51:12.771 Закрытие приложения
